Создан список из 4159 слов
Запуск игры
Создан список из 4159 слов
Завершение работы программы
Запуск игры
Создан список из 4159 слов
Завершение работы программы
Запуск игры
Создан список из 4159 слов
Ход слово= обвал, результат=^---^, осталось попыток5
Ход слово= отлов, результат=^^++-, осталось попыток4
Ход слово= аллод, результат=-^++-, осталось попыток3
Ход слово= авлос, результат=--+++, осталось попыток2
Ход слово= голос, результат=-++++, осталось попыток1
Ход слово= колос, результат=-++++, осталось попыток0
Завершение работы программы
Запуск игры
Создан список из 4159 слов
Экстренное завершение
Завершение работы программы
Запуск игры
Создан список из 4159 слов
Ход слово = отлив, результат =---^-, осталось попыток 5
Ход слово = обвал, результат =-----, осталось попыток 4
Ход слово = колос, результат =-----, осталось попыток 3
Ход слово = голос, результат =-----, осталось попыток 2
Ход слово = алтаи, результат =----^, осталось попыток 1
Ход слово = авовл, результат =-----, осталось попыток 0
Завершение работы программы
Запуск игры
Создан список из 4159 слов
Ход слово = обрыв, результат =-^---, осталось попыток 5
Ход слово = отлив, результат =-^-^-, осталось попыток 4
Ход слово = ливито, результат =-+-^^, осталось попыток 3
Ход слово = билет, результат =++--^, осталось попыток 2
Ход слово = биота, результат =++-^-, осталось попыток 1
Ход слово = битка, результат =+++--, осталось попыток 0
Завершение работы программы
Запуск игры
Создан список из 4159 слов
Ход слово = битка, результат =-^+^-, осталось попыток 5
Ход слово = автол, результат =--+--, осталось попыток 4
Ход слово = актер, результат =-^+--, осталось попыток 3
Ход слово = антик, результат =-^+++, осталось попыток 2
Завершение работы программы
Запуск игры
Создан список из 4159 слов
Ход слово = отлив, результат =--^^-, осталось попыток 5
Ход слово = нытик, результат =---^-, осталось попыток 4
Ход слово = аббат, результат =+--^-, осталось попыток 3
Ход слово = абзах, результат =+--^^, осталось попыток 2
Ход слово = архар, результат =+-^^-, осталось попыток 1
Ход слово = архив, результат =+-^^-, осталось попыток 0
Завершение работы программы
Запуск игры
Создан список из 4159 слов
Ход слово = отлив, результат =^----, осталось попыток 5
Ход слово = аббат, результат =-^^--, осталось попыток 4
Ход слово = рыбак, результат =--^--, осталось попыток 3
Ход слово = голос, результат =-+-^+, осталось попыток 2
Выдана подсказка
Ход слово = кокос, результат =-+-^+, осталось попыток 1
Ход слово = донос, результат =-++^+, осталось попыток 0
Завершение работы программы
Запуск игры
Создан список из 4159 слов
Ход слово = колос, результат =^----, осталось попыток 5
Ход слово = отлив, результат =---^-, осталось попыток 4
Ход слово = аббат, результат =^--^-, осталось попыток 3
Ход слово = рыбак, результат =^--^^, осталось попыток 2
Ход слово = камен, результат =^^---, осталось попыток 1
Выдана подсказка
Ошибка: Index 2 out of bounds for length 2
Ход слово = ываыа, результат =--+-^, осталось попыток 0
Завершение работы программы
Запуск игры
Создан список из 4159 слов
Ход слово = отлив, результат =-^-+-, осталось попыток 5
Выдана подсказка
Ход слово = авгит, результат =---+^, осталось попыток 4
Ход слово = антик, результат =--+++, осталось попыток 3
Выдана подсказка
Ход слово = ботик, результат =--+++, осталось попыток 2
Ход слово = дутик, результат =-++++, осталось попыток 1
Выдана подсказка
Ход слово = путик, результат =+++++, осталось попыток 0
Завершение работы программы
